Build started 2015-03-21 9:36:51 PM.
     1>Project "C:\Users\Jean-Luc\Documents\github\War\War\War\War.vcxproj" on node 2 (Build target(s)).
     1>ClCompile:
         C:\Program Files (x86)\Microsoft Visual Studio 12.0\VC\bin\x86_amd64\CL.exe /c /Zi /nologo /W3 /WX- /sdl /Od /D _MBCS /Gm /EHsc /RTC1 /MDd /GS /fp:precise /Zc:wchar_t /Zc:forScope /Fo"x64\Debug\\" /Fd"x64\Debug\vc120.pdb" /Gd /TP /errorReport:prompt War.cpp
         War.cpp
     1>c:\users\jean-luc\documents\github\war\war\war\War.h(31): warning C4129: '*' : unrecognized character escape sequence
     1>c:\users\jean-luc\documents\github\war\war\war\War.h(32): warning C4129: '*' : unrecognized character escape sequence
     1>c:\users\jean-luc\documents\github\war\war\war\War.h(33): warning C4129: '*' : unrecognized character escape sequence
     1>c:\users\jean-luc\documents\github\war\war\war\War.h(34): warning C4129: '*' : unrecognized character escape sequence
     1>c:\users\jean-luc\documents\github\war\war\war\War.h(35): warning C4129: '*' : unrecognized character escape sequence
     1>c:\users\jean-luc\documents\github\war\war\war\War.h(36): warning C4129: '*' : unrecognized character escape sequence
     1>c:\users\jean-luc\documents\github\war\war\war\War.h(37): warning C4129: '*' : unrecognized character escape sequence
     1>c:\users\jean-luc\documents\github\war\war\war\War.h(38): warning C4129: '*' : unrecognized character escape sequence
     1>c:\users\jean-luc\documents\github\war\war\war\War.h(39): warning C4129: '*' : unrecognized character escape sequence
     1>c:\users\jean-luc\documents\github\war\war\war\War.h(40): warning C4129: '*' : unrecognized character escape sequence
     1>c:\users\jean-luc\documents\github\war\war\war\War.h(41): warning C4129: '*' : unrecognized character escape sequence
     1>c:\users\jean-luc\documents\github\war\war\war\War.h(42): warning C4129: '*' : unrecognized character escape sequence
     1>c:\users\jean-luc\documents\github\war\war\war\War.h(43): warning C4129: '*' : unrecognized character escape sequence
     1>c:\users\jean-luc\documents\github\war\war\war\War.h(168): warning C4129: '*' : unrecognized character escape sequence
     1>c:\users\jean-luc\documents\github\war\war\war\War.h(169): warning C4129: '*' : unrecognized character escape sequence
     1>c:\users\jean-luc\documents\github\war\war\war\War.h(170): warning C4129: '*' : unrecognized character escape sequence
     1>c:\users\jean-luc\documents\github\war\war\war\War.h(171): warning C4129: '*' : unrecognized character escape sequence
     1>c:\users\jean-luc\documents\github\war\war\war\War.h(172): warning C4129: '*' : unrecognized character escape sequence
     1>c:\users\jean-luc\documents\github\war\war\war\War.h(173): warning C4129: '*' : unrecognized character escape sequence
     1>c:\users\jean-luc\documents\github\war\war\war\War.h(174): warning C4129: '*' : unrecognized character escape sequence
     1>c:\users\jean-luc\documents\github\war\war\war\IntArrayShuffle.h(24): warning C4244: 'argument' : conversion from 'time_t' to 'unsigned int', possible loss of data
                 c:\users\jean-luc\documents\github\war\war\war\DeckBuilder.h(91) : see reference to function template instantiation 'void IntArrayShuffle::randomize<0x034>(int (&)[52])' being compiled
       Link:
         C:\Program Files (x86)\Microsoft Visual Studio 12.0\VC\bin\x86_amd64\link.exe /ERRORREPORT:PROMPT /OUT:"C:\Users\Jean-Luc\Documents\github\War\War\x64\Debug\War.exe" /INCREMENTAL /NOLOGO kernel32.lib user32.lib gdi32.lib winspool.lib comdlg32.lib advapi32.lib shell32.lib ole32.lib oleaut32.lib uuid.lib odbc32.lib odbccp32.lib /MANIFEST /MANIFESTUAC:"level='asInvoker' uiAccess='false'" /manifest:embed /DEBUG /PDB:"C:\Users\Jean-Luc\Documents\github\War\War\x64\Debug\War.pdb" /TLBID:1 /DYNAMICBASE /NXCOMPAT /IMPLIB:"C:\Users\Jean-Luc\Documents\github\War\War\x64\Debug\War.lib" /MACHINE:X64 x64\Debug\War.obj
         War.vcxproj -> C:\Users\Jean-Luc\Documents\github\War\War\x64\Debug\War.exe
     1>Done Building Project "C:\Users\Jean-Luc\Documents\github\War\War\War\War.vcxproj" (Build target(s)).

Build succeeded.

Time Elapsed 00:00:01.68
